<?xml version="1.0" encoding="UTF-8"?>
<!-- Generated by org.testng.reporters.JUnitReportReporter -->
<testsuite hostname="User-PC" name="test.etouch.foxpoc.shakenbake.TestShakeAndBakeHeader" tests="25" failures="0" timestamp="15 Jul 2013 11:53:58 GMT" time="1.536" errors="0">
  <testcase name="testSbHeaderElementPlacements" time="0.014" classname="test.etouch.foxpoc.shakenbake.TestShakeAndBakeHeader"/>
  <testcase name="testSbHeaderElementPlacements" time="0.016" classname="test.etouch.foxpoc.shakenbake.TestShakeAndBakeHeader"/>
  <testcase name="testSbMsnHeaderMenuItemTextAndLinks" time="0.028" classname="test.etouch.foxpoc.shakenbake.TestShakeAndBakeHeader"/>
  <testcase name="testSbHeaderElementPlacements" time="0.015" classname="test.etouch.foxpoc.shakenbake.TestShakeAndBakeHeader"/>
  <testcase name="testSbHeaderElementPlacements" time="0.012" classname="test.etouch.foxpoc.shakenbake.TestShakeAndBakeHeader"/>
  <testcase name="testSbMsnHeaderMenuItemTextAndLinks" time="0.052" classname="test.etouch.foxpoc.shakenbake.TestShakeAndBakeHeader"/>
  <testcase name="testSbHeaderElementPlacements" time="0.016" classname="test.etouch.foxpoc.shakenbake.TestShakeAndBakeHeader"/>
  <testcase name="testSbMsnHeaderMenuItemTextAndLinks" time="0.034" classname="test.etouch.foxpoc.shakenbake.TestShakeAndBakeHeader"/>
  <testcase name="testSbHeaderElementPlacements" time="0.016" classname="test.etouch.foxpoc.shakenbake.TestShakeAndBakeHeader"/>
  <testcase name="testSbHeaderElementPlacements" time="0.013" classname="test.etouch.foxpoc.shakenbake.TestShakeAndBakeHeader"/>
  <testcase name="testSbHeaderElementPlacements" time="0.014" classname="test.etouch.foxpoc.shakenbake.TestShakeAndBakeHeader"/>
  <testcase name="testSbHeaderElementPlacements" time="0.016" classname="test.etouch.foxpoc.shakenbake.TestShakeAndBakeHeader"/>
  <testcase name="testSbMsnHeaderMenuItemTextAndLinks" time="0.035" classname="test.etouch.foxpoc.shakenbake.TestShakeAndBakeHeader"/>
  <testcase name="testSbHeaderElementPlacements" time="0.015" classname="test.etouch.foxpoc.shakenbake.TestShakeAndBakeHeader"/>
  <testcase name="testSbHeaderElementPlacements" time="0.017" classname="test.etouch.foxpoc.shakenbake.TestShakeAndBakeHeader"/>
  <testcase name="testSbHeaderElementPlacements" time="0.012" classname="test.etouch.foxpoc.shakenbake.TestShakeAndBakeHeader"/>
  <testcase name="testSbHeaderElementPlacements" time="0.014" classname="test.etouch.foxpoc.shakenbake.TestShakeAndBakeHeader"/>
  <testcase name="testSbHeaderElementPlacements" time="0.015" classname="test.etouch.foxpoc.shakenbake.TestShakeAndBakeHeader"/>
  <testcase name="testSbHeaderElementPlacements" time="0.016" classname="test.etouch.foxpoc.shakenbake.TestShakeAndBakeHeader"/>
  <testcase name="testSbHeaderElementPlacements" time="0.017" classname="test.etouch.foxpoc.shakenbake.TestShakeAndBakeHeader"/>
  <testcase name="testSbHeaderElementPlacements" time="0.016" classname="test.etouch.foxpoc.shakenbake.TestShakeAndBakeHeader"/>
  <testcase name="testSbHeaderElementPlacements" time="1.062" classname="test.etouch.foxpoc.shakenbake.TestShakeAndBakeHeader"/>
  <testcase name="testSbHeaderElementPlacements" time="0.024" classname="test.etouch.foxpoc.shakenbake.TestShakeAndBakeHeader"/>
  <testcase name="testSbMsnHeaderMenuItemTextAndLinks" time="0.031" classname="test.etouch.foxpoc.shakenbake.TestShakeAndBakeHeader"/>
  <testcase name="testSbHeaderElementPlacements" time="0.016" classname="test.etouch.foxpoc.shakenbake.TestShakeAndBakeHeader"/>
</testsuite> <!-- test.etouch.foxpoc.shakenbake.TestShakeAndBakeHeader -->
