<?xml version="1.0" encoding="UTF-8"?>
<!-- Generated by org.testng.reporters.JUnitReportReporter -->
<testsuite hostname="LT-019-PC" name="test.etouch.foxpoc.shakenbake.TestShakeAndBakeFooter" tests="11" failures="0" timestamp="12 Jul 2013 10:31:18 GMT" time="7.044" errors="0">
  <testcase name="testFooterTitles" time="0.054" classname="test.etouch.foxpoc.shakenbake.TestShakeAndBakeFooter"/>
  <testcase name="testSbSEOFooterTextAndLinks" time="0.784" classname="test.etouch.foxpoc.shakenbake.TestShakeAndBakeFooter"/>
  <testcase name="testFooterTitles" time="1.553" classname="test.etouch.foxpoc.shakenbake.TestShakeAndBakeFooter"/>
  <testcase name="testSbSEOFooterTextAndLinks" time="0.542" classname="test.etouch.foxpoc.shakenbake.TestShakeAndBakeFooter"/>
  <testcase name="testSbSEOFooterTextAndLinks" time="0.532" classname="test.etouch.foxpoc.shakenbake.TestShakeAndBakeFooter"/>
  <testcase name="testSbSEOFooterTextAndLinks" time="0.688" classname="test.etouch.foxpoc.shakenbake.TestShakeAndBakeFooter"/>
  <testcase name="testSbSEOFooterTextAndLinks" time="0.533" classname="test.etouch.foxpoc.shakenbake.TestShakeAndBakeFooter"/>
  <testcase name="testSbSEOFooterTextAndLinks" time="0.692" classname="test.etouch.foxpoc.shakenbake.TestShakeAndBakeFooter"/>
  <testcase name="testSbSEOFooterTextAndLinks" time="0.531" classname="test.etouch.foxpoc.shakenbake.TestShakeAndBakeFooter"/>
  <testcase name="testSbSEOFooterTextAndLinks" time="0.581" classname="test.etouch.foxpoc.shakenbake.TestShakeAndBakeFooter"/>
  <testcase name="testSbSEOFooterTextAndLinks" time="0.554" classname="test.etouch.foxpoc.shakenbake.TestShakeAndBakeFooter"/>
</testsuite> <!-- test.etouch.foxpoc.shakenbake.TestShakeAndBakeFooter -->
